<?xml version="1.0" encoding="UTF-8"?>
<testng-results total="1" passed="1" failed="0" skipped="0">
  <reporter-output>
  </reporter-output>
  <suite started-at="2024-06-21T13:28:17Z" name="Default suite" finished-at="2024-06-21T13:28:39Z" duration-ms="22862">
    <groups>
    </groups>
    <test started-at="2024-06-21T13:28:17Z" name="Default test" finished-at="2024-06-21T13:28:39Z" duration-ms="22862">
      <class name="test.seltest">
        <test-method signature="standalone()[pri:0, instance:test.seltest@63eef88a]" started-at="2024-06-21T13:28:17Z" name="standalone" finished-at="2024-06-21T13:28:39Z" duration-ms="22847" status="PASS">
        </test-method>
      </class>
    </test>
  </suite>
</testng-results>
