<?xml version="1.0" encoding="UTF-8"?>
<testng-results ignored="0" total="1" passed="1" failed="0" skipped="0">
  <reporter-output>
  </reporter-output>
  <suite started-at="2024-06-24T14:29:51 UTC" name="Default suite" finished-at="2024-06-24T14:30:01 UTC" duration-ms="10052">
    <groups>
    </groups>
    <test started-at="2024-06-24T14:29:51 UTC" name="Default test" finished-at="2024-06-24T14:30:01 UTC" duration-ms="10052">
      <class name="pageObject.Home">
        <test-method is-config="true" signature="openBrowser()[pri:0, instance:pageObject.Home@58cbafc2]" started-at="2024-06-24T14:29:51 UTC" name="openBrowser" finished-at="2024-06-24T14:29:53 UTC" duration-ms="1777" status="PASS">
          <reporter-output>
          </reporter-output>
        </test-method> <!-- openBrowser -->
        <test-method signature="HomePageTest()[pri:0, instance:pageObject.Home@58cbafc2]" started-at="2024-06-24T14:29:53 UTC" name="HomePageTest" finished-at="2024-06-24T14:30:01 UTC" duration-ms="8219" status="PASS">
          <reporter-output>
          </reporter-output>
        </test-method> <!-- HomePageTest -->
      </class> <!-- pageObject.Home -->
    </test> <!-- Default test -->
  </suite> <!-- Default suite -->
</testng-results>
