<?xml version="1.0" encoding="UTF-8"?>
<testng-results ignored="0" total="1" passed="1" failed="0" skipped="0">
  <reporter-output>
  </reporter-output>
  <suite started-at="2024-08-23T17:55:54 UTC" name="Default suite" finished-at="2024-08-23T17:55:58 UTC" duration-ms="3769">
    <groups>
    </groups>
    <test started-at="2024-08-23T17:55:54 UTC" name="Default test" finished-at="2024-08-23T17:55:58 UTC" duration-ms="3769">
      <class name="dummyAPi.DummyRestAPI">
        <test-method signature="EndToEnd()[pri:0, instance:dummyAPi.DummyRestAPI@273e7444]" started-at="2024-08-23T17:55:55 UTC" name="EndToEnd" finished-at="2024-08-23T17:55:58 UTC" duration-ms="3705" status="PASS">
          <reporter-output>
          </reporter-output>
        </test-method> <!-- EndToEnd -->
      </class> <!-- dummyAPi.DummyRestAPI -->
    </test> <!-- Default test -->
  </suite> <!-- Default suite -->
</testng-results>
