<?xml version="1.0" encoding="UTF-8"?>
<testng-results ignored="0" total="1" passed="1" failed="0" skipped="0">
  <reporter-output>
  </reporter-output>
  <suite started-at="2024-06-27T10:19:29 UTC" name="Default suite" finished-at="2024-06-27T10:19:45 UTC" duration-ms="16173">
    <groups>
    </groups>
    <test started-at="2024-06-27T10:19:29 UTC" name="Default test" finished-at="2024-06-27T10:19:45 UTC" duration-ms="16173">
      <class name="Testpizzas.PizzaHutcom">
        <test-method is-config="true" signature="initializeReports()[pri:0, instance:Testpizzas.PizzaHutcom@59402b8f]" started-at="2024-06-27T10:19:29 UTC" name="initializeReports" finished-at="2024-06-27T10:19:29 UTC" duration-ms="10" status="PASS">
          <reporter-output>
          </reporter-output>
        </test-method> <!-- initializeReports -->
        <test-method signature="endToend()[pri:0, instance:Testpizzas.PizzaHutcom@59402b8f]" started-at="2024-06-27T10:19:29 UTC" name="endToend" finished-at="2024-06-27T10:19:45 UTC" duration-ms="15484" status="PASS">
          <reporter-output>
          </reporter-output>
        </test-method> <!-- endToend -->
        <test-method is-config="true" signature="tearDown()[pri:0, instance:Testpizzas.PizzaHutcom@59402b8f]" started-at="2024-06-27T10:19:45 UTC" name="tearDown" finished-at="2024-06-27T10:19:45 UTC" duration-ms="487" status="PASS">
          <reporter-output>
          </reporter-output>
        </test-method> <!-- tearDown -->
        <test-method is-config="true" signature="teardownTest()[pri:0, instance:Testpizzas.PizzaHutcom@59402b8f]" started-at="2024-06-27T10:19:45 UTC" name="teardownTest" finished-at="2024-06-27T10:19:45 UTC" duration-ms="143" status="PASS">
          <reporter-output>
          </reporter-output>
        </test-method> <!-- teardownTest -->
      </class> <!-- Testpizzas.PizzaHutcom -->
    </test> <!-- Default test -->
  </suite> <!-- Default suite -->
</testng-results>
